Build started 08/03/2017 19:07:15.
     1>Project "C:\hlocal\TPV\Practica3TPV\Practica1-DavidPatricia\Practica1-DavidPatricia.vcxproj" on node 2 (Build target(s)).
     1>ClCompile:
         C:\software\programacion\MSVStudio2013\VC\bin\CL.exe /c /ZI /nologo /W3 /WX- /sdl /Od /Oy- /D _MBCS /Gm /EHsc /RTC1 /MDd /GS /fp:precise /Zc:wchar_t /Zc:forScope /Fo"Debug\\" /Fd"Debug\vc120.pdb" /Gd /TP /analyze- /errorReport:prompt PBBFactory.cpp ProgrammableBouncingBall.cpp
         ProgrammableBouncingBall.cpp
     1>c:\hlocal\tpv\practica3tpv\practica1-davidpatricia\programmablebouncingball.h(7): error C2236: unexpected token 'class'. Did you forget a ';'?
     1>c:\hlocal\tpv\practica3tpv\practica1-davidpatricia\programmablebouncingball.h(7): error C2143: syntax error : missing ';' before ':'
     1>c:\hlocal\tpv\practica3tpv\practica1-davidpatricia\programmablebouncingball.h(7): error C2059: syntax error : ':'
     1>c:\hlocal\tpv\practica3tpv\practica1-davidpatricia\programmablebouncingball.h(7): warning C4091: 'virtual ' : ignored on left of 'Bouncing_Ball' when no variable is declared
     1>c:\hlocal\tpv\practica3tpv\practica1-davidpatricia\programmablebouncingball.h(7): error C2143: syntax error : missing ';' before ','
     1>c:\hlocal\tpv\practica3tpv\practica1-davidpatricia\programmablebouncingball.h(7): error C2059: syntax error : ','
     1>c:\hlocal\tpv\practica3tpv\practica1-davidpatricia\programmablebouncingball.h(8): error C2143: syntax error : missing ';' before '{'
     1>c:\hlocal\tpv\practica3tpv\practica1-davidpatricia\programmablebouncingball.h(8): error C2447: '{' : missing function header (old-style formal list?)
     1>c:\hlocal\tpv\practica3tpv\practica1-davidpatricia\programmablebouncingball.cpp(4): error C2653: 'ProgrammableBouncingBall' : is not a class or namespace name
     1>c:\hlocal\tpv\practica3tpv\practica1-davidpatricia\programmablebouncingball.cpp(4): error C4430: missing type specifier - int assumed. Note: C++ does not support default-int
     1>c:\hlocal\tpv\practica3tpv\practica1-davidpatricia\programmablebouncingball.cpp(4): error C2550: 'ProgrammableBouncingBall' : constructor initializer lists are only allowed on constructor definitions
     1>c:\hlocal\tpv\practica3tpv\practica1-davidpatricia\programmablebouncingball.cpp(6): warning C4508: 'ProgrammableBouncingBall' : function should return a value; 'void' return type assumed
     1>c:\hlocal\tpv\practica3tpv\practica1-davidpatricia\programmablebouncingball.cpp(8): error C2653: 'ProgrammableBouncingBall' : is not a class or namespace name
     1>c:\hlocal\tpv\practica3tpv\practica1-davidpatricia\programmablebouncingball.cpp(8): fatal error C1903: unable to recover from previous error(s); stopping compilation
         PBBFactory.cpp
     1>c:\hlocal\tpv\practica3tpv\practica1-davidpatricia\programmablebouncingball.h(7): error C2236: unexpected token 'class'. Did you forget a ';'?
     1>c:\hlocal\tpv\practica3tpv\practica1-davidpatricia\programmablebouncingball.h(7): error C2143: syntax error : missing ';' before ':'
     1>c:\hlocal\tpv\practica3tpv\practica1-davidpatricia\programmablebouncingball.h(7): error C2059: syntax error : ':'
     1>c:\hlocal\tpv\practica3tpv\practica1-davidpatricia\programmablebouncingball.h(7): warning C4091: 'virtual ' : ignored on left of 'Bouncing_Ball' when no variable is declared
     1>c:\hlocal\tpv\practica3tpv\practica1-davidpatricia\programmablebouncingball.h(7): error C2143: syntax error : missing ';' before ','
     1>c:\hlocal\tpv\practica3tpv\practica1-davidpatricia\programmablebouncingball.h(7): error C2059: syntax error : ','
     1>c:\hlocal\tpv\practica3tpv\practica1-davidpatricia\programmablebouncingball.h(8): error C2143: syntax error : missing ';' before '{'
     1>c:\hlocal\tpv\practica3tpv\practica1-davidpatricia\programmablebouncingball.h(8): error C2447: '{' : missing function header (old-style formal list?)
     1>c:\hlocal\tpv\practica3tpv\practica1-davidpatricia\pbbfactory.cpp(16): error C2061: syntax error : identifier 'ProgrammableBouncingBall'
         Generating Code...
     1>Done Building Project "C:\hlocal\TPV\Practica3TPV\Practica1-DavidPatricia\Practica1-DavidPatricia.vcxproj" (Build target(s)) -- FAILED.

Build FAILED.

Time Elapsed 00:00:00.56
